#
#model:
#
#<?xml version="1.0" encoding="UTF-8" standalone="no"?><input id="posterior" spec="beast.core.util.CompoundDistribution">
#    <distribution id="prior" spec="beast.core.util.CompoundDistribution">
#        <distribution id="YuleModel.t:alignment_77953f02eeba_evidence" spec="beast.evolution.speciation.YuleModel">
#            <parameter id="birthRate.t:alignment_77953f02eeba_evidence" name="birthDiffRate" spec="beast.core.parameter.RealParameter">1.0</parameter>
#            <tree id="Tree.t:alignment_77953f02eeba_evidence" spec="beast.evolution.tree.Tree">
#                <taxonset id="TaxonSet.alignment_77953f02eeba_evidence" spec="beast.evolution.alignment.TaxonSet">
#                </taxonset>
#            </tree>
#        </distribution>
#        <prior id="YuleBirthRatePrior.t:alignment_77953f02eeba_evidence" name="distribution" x="@birthRate.t:alignment_77953f02eeba_evidence">
#            <Uniform id="Uniform.100" name="distr" upper="Infinity"/>
#        </prior>
#        <prior id="kappa1Prior.s:alignment_77953f02eeba_evidence" name="distribution">
#            <parameter id="kappa1.s:alignment_77953f02eeba_evidence" lower="0.0" name="x" spec="beast.core.parameter.RealParameter">2.0</parameter>
#            <LogNormal id="LogNormalDistributionModel.0" name="distr">
#                <parameter estimate="false" id="RealParameter.0" name="M" spec="beast.core.parameter.RealParameter">1.0</parameter>
#                <parameter estimate="false" id="RealParameter.1" lower="0.0" name="S" spec="beast.core.parameter.RealParameter" upper="Infinity">1.25</parameter>
#            </LogNormal>
#        </prior>
#        <prior id="kappa2Prior.s:alignment_77953f02eeba_evidence" name="distribution">
#            <parameter id="kappa2.s:alignment_77953f02eeba_evidence" lower="0.0" name="x" spec="beast.core.parameter.RealParameter">2.0</parameter>
#            <LogNormal id="LogNormalDistributionModel.1" name="distr">
#                <parameter estimate="false" id="RealParameter.2" name="M" spec="beast.core.parameter.RealParameter">1.0</parameter>
#                <parameter estimate="false" id="RealParameter.3" lower="0.0" name="S" spec="beast.core.parameter.RealParameter" upper="Infinity">1.25</parameter>
#            </LogNormal>
#        </prior>
#    </distribution>
#    <distribution id="likelihood" spec="beast.core.util.CompoundDistribution" useThreads="true">
#        <distribution data="@alignment_77953f02eeba_evidence" id="treeLikelihood.alignment_77953f02eeba_evidence" spec="beast.evolution.likelihood.ThreadedTreeLikelihood" tree="@Tree.t:alignment_77953f02eeba_evidence">
#            <siteModel id="SiteModel.s:alignment_77953f02eeba_evidence" spec="beast.evolution.sitemodel.SiteModel">
#                <parameter estimate="false" id="mutationRate.s:alignment_77953f02eeba_evidence" name="mutationRate" spec="beast.core.parameter.RealParameter">1.0</parameter>
#                <parameter estimate="false" id="gammaShape.s:alignment_77953f02eeba_evidence" name="shape" spec="beast.core.parameter.RealParameter">1.0</parameter>
#                <parameter estimate="false" id="proportionInvariant.s:alignment_77953f02eeba_evidence" lower="0.0" name="proportionInvariant" spec="beast.core.parameter.RealParameter" upper="1.0">0.0</parameter>
#                <substModel id="tn93.s:alignment_77953f02eeba_evidence" kappa1="@kappa1.s:alignment_77953f02eeba_evidence" kappa2="@kappa2.s:alignment_77953f02eeba_evidence" spec="beast.evolution.substitutionmodel.TN93">
#                    <frequencies id="estimatedFreqs.s:alignment_77953f02eeba_evidence" spec="beast.evolution.substitutionmodel.Frequencies">
#                        <parameter dimension="4" id="freqParameter.s:alignment_77953f02eeba_evidence" lower="0.0" name="frequencies" spec="beast.core.parameter.RealParameter" upper="1.0">0.25</parameter>
#                    </frequencies>
#                </substModel>
#            </siteModel>
#            <branchRateModel id="StrictClock.c:alignment_77953f02eeba_evidence" spec="beast.evolution.branchratemodel.StrictClockModel">
#                <parameter estimate="false" id="clockRate.c:alignment_77953f02eeba_evidence" name="clock.rate" spec="beast.core.parameter.RealParameter">1.0</parameter>
#            </branchRateModel>
#        </distribution>
#    </distribution>
#</input>
#
Sample	NSlikelihood	posterior	likelihood	prior	treeLikelihood	TreeHeight	kappa1	kappa2	freqParameter.1	freqParameter.2	freqParameter.3	freqParameter.4	YuleModel	birthRate
0	-14017.831136403716	-14013.94412257536	-14017.831136403716	3.887013828356194	-14017.831136403716	0.07675983053033192	6.443939718552268	5.150065501749657	0.22777067720354752	0.2683144811927814	0.2660182390840143	0.23789660251965686	10.04239759146011	28.103933064483563
1	-13464.999690968922	-13457.279245563745	-13464.999690968922	7.720445405176632	-13464.999690968922	0.019440296771563007	13.27222711432545	6.810307266983545	0.23421659450748653	0.24601976888546023	0.2641591262909883	0.255604510316065	15.583244617291761	50.89115048685252
2	-12235.69040217843	-12229.92988974745	-12235.69040217843	5.760512430981291	-12235.69040217843	0.03324940480193367	5.232524688082418	4.073021096506708	0.23384207740226218	0.23861318625558106	0.2670958645939259	0.26044887174823095	11.293527740762022	53.11977782090309
3	-11862.36741412098	-11853.820483946447	-11862.36741412098	8.546930174532676	-11862.36741412098	0.03531437408033306	2.855950431361419	4.511908069059218	0.2369699247311148	0.24022451276345083	0.275385269552493	0.2474202929529415	13.470165130426587	40.20689847164873
4	-8737.237069163533	-8744.996527073223	-8737.237069163533	-7.7594579096895	-8737.237069163533	1.1248530921923285	3.2027644149410226	3.826353622466392	0.2387736489667174	0.2465149474955232	0.2778100293116546	0.2369013742261049	-2.9233496233428693	1.3332279053174858
5	-8610.82532472132	-8620.18795753947	-8610.82532472132	-9.36263281815141	-8610.82532472132	0.6574955693889857	3.809484742925552	12.583580885750928	0.23995561763802725	0.2424028841452213	0.27987009016049536	0.23777140805625618	-2.420700235222088	2.0138411736718065
6	-8119.150604714046	-8142.98473762599	-8119.150604714046	-23.834132911944707	-8119.150604714046	6.636896797992604	8.247568202167026	29.038938520046447	0.2525576644797645	0.23866495599280926	0.27342023182608793	0.23535714770133842	-13.88185652189378	0.3634028206364649
7	-7909.668976515629	-7926.496441994051	-7909.668976515629	-16.827465478421942	-7909.668976515629	1.864420838244173	28.761993636958476	14.320124920081433	0.2547481439863946	0.23647447648617917	0.28233669932517425	0.2264406802022521	-5.8581731182952055	0.8737851231484909
8	-7759.027438729441	-7777.473304671985	-7759.027438729441	-18.44586594254334	-7759.027438729441	2.76932780269693	25.80470545458909	8.927383771224937	0.2505619244698282	0.23566353948359509	0.28535322637709337	0.22842130966948349	-8.648734948306718	0.5386883734939065
9	-7622.5503040450585	-7641.27310716437	-7622.5503040450585	-18.722803119311767	-7622.5503040450585	2.260246751257313	53.35493497176858	3.019757679776169	0.27302351020272825	0.23550975561850424	0.27241746345967716	0.21904927071909056	-8.517010602114159	1.00570062167437
10	-7162.950645483937	-7183.612864303559	-7162.950645483937	-20.662218819622208	-7162.950645483937	6.730521217999595	18.790925314553977	2.178690996672739	0.27302351020272825	0.2285859671884299	0.2733898800114052	0.22500064259743682	-13.454148930243154	0.10504803395372003
11	-7133.771403904378	-7142.512249187428	-7133.771403904378	-8.740845283050712	-7133.771403904378	1.136929977167151	6.46880533987007	0.9897674526694612	0.2643580445381848	0.23119276078372478	0.263628949717883	0.24082024496020765	-4.032822777194062	0.9198192935830601
12	-6848.19006780281	-6852.724733966344	-6848.19006780281	-4.53466616353432	-6848.19006780281	0.5957736009495147	1.3886943582506188	1.2573396588169765	0.25515314679930484	0.23010974984580942	0.2739168583946783	0.24082024496020765	-1.3585674629456674	1.5718022562570955
13	-6775.414223165789	-6781.247343324263	-6775.414223165789	-5.833120158474056	-6775.414223165789	1.0411239588042396	0.8163302662659774	1.5061073673796694	0.2636355278481468	0.2299782761942954	0.2901354810387966	0.21625071491876136	-2.767735884918562	2.9887553397821596
14	-6762.767802845824	-6766.240785266802	-6762.767802845824	-3.4729824209784916	-6762.767802845824	0.46231324591587764	0.6919067411019721	3.7871789524669754	0.2774574228324046	0.23566580415211794	0.26858832297311125	0.21828845004236647	0.40881228695688243	2.101611238577983
15	-6492.117389392961	-6497.246436351645	-6492.117389392961	-5.129046958684205	-6492.117389392961	0.6643143319027073	1.3365875158605516	2.3817976678934296	0.2865433480597324	0.23264092765722444	0.27851322674796025	0.20230249753508317	-1.5200620400654974	3.4206777884577733
16	-6472.773005522515	-6476.820534090821	-6472.773005522515	-4.047528568306053	-6472.773005522515	0.4790659567537896	2.099652811794798	2.423315865846263	0.2784861296892934	0.2418866612877572	0.28657044511839924	0.1930567639045504	-0.1108955197816548	3.2349134111918048
17	-6349.909675748493	-6354.193372723999	-6349.909675748493	-4.283696975505931	-6349.909675748493	0.5718804079556777	0.8728872374841887	2.423315865846263	0.2845948389394977	0.23047607483366994	0.2982541085958803	0.18667497763095234	-0.8332014041770148	2.158434826446973
18	-6343.6581496693025	-6350.077094266998	-6343.6581496693025	-6.418944597695356	-6343.6581496693025	0.9460917477416846	1.3348297897191892	2.0622945528327694	0.3030427991382587	0.20797196520177574	0.28227325287909766	0.20671198278086822	-2.935893139120634	0.9983284238128021
19	-6335.5088921780925	-6344.262491819678	-6335.5088921780925	-8.753599641585682	-6335.5088921780925	1.4760037762637135	1.7842710409750118	1.5010355267937776	0.29829906521679445	0.20668450686833234	0.28819759683910384	0.2068188310757698	-5.314707342440407	2.451169579870115
20	-6305.845063066168	-6311.166126155394	-6305.845063066168	-5.321063089225696	-6305.845063066168	0.8177666165513608	0.9273207504913031	1.155239946020164	0.3134707894613142	0.22397556274394814	0.2792172261520787	0.18333642164265943	-2.363626205779776	1.2490296282038817
21	-6291.011018429812	-6297.098026940725	-6291.011018429812	-6.0870085109125665	-6291.011018429812	1.2594347398553944	0.8675787810323144	1.015648800999865	0.3143727075148089	0.2196045900364701	0.2753172643112632	0.19070543813745833	-3.2018579386886743	1.4033962897843162
22	-6271.631738857569	-6277.457596021631	-6271.631738857569	-5.825857164061819	-6271.631738857569	0.9354384657486339	0.9127611208014614	1.2858841031945993	0.29995737490891783	0.23747819513660096	0.2706061751572157	0.19195825479726603	-2.821135017375271	1.2516602052474715
23	-6266.252517268328	-6271.968323054591	-6266.252517268328	-5.715805786262348	-6266.252517268328	0.7593793744663624	0.9645682271139522	1.3494402881829473	0.29667129235740936	0.21498862890667222	0.2650564739447646	0.22328360479115428	-2.6675832115897276	0.9759079898530169
24	-6266.214525905909	-6271.202273117759	-6266.214525905909	-4.987747211850566	-6266.214525905909	0.8822736111276489	0.6904422859997238	0.8651523196696912	0.3066417522534156	0.20016835816499184	0.28647941406292965	0.20671047551866337	-2.1984589173399103	2.2767389267651534
25	-6262.141216888193	-6267.434199689632	-6262.141216888193	-5.292982801438438	-6262.141216888193	0.9873988149097386	0.6376121656887247	1.2305248919662626	0.29045578146622947	0.20065134321062633	0.2943259084327525	0.21456696689039212	-2.3775716002151057	1.5694191182794155
26	-6260.06716206629	-6265.646742835075	-6260.06716206629	-5.579580768785771	-6260.06716206629	0.9191722200932204	0.6930108331178585	1.3162170743115043	0.29153310235872076	0.2071360801151284	0.27649203604452893	0.22483878148162229	-2.62132743734039	1.2246677294275012
27	-6256.104065020549	-6260.875555913061	-6256.104065020549	-4.77149089251289	-6256.104065020549	0.829184727377216	0.587661437696105	1.1720721350542245	0.2831997962355045	0.20492169609028665	0.2785807816688661	0.23329772600534315	-1.8830460421659327	1.4632538061992926
28	-6243.114590157896	-6248.432088927916	-6243.114590157896	-5.3174987700204825	-6243.114590157896	0.8793446970104197	0.7708750502408325	1.5090162816054769	0.2831997962355045	0.2008136900427229	0.2826887877164298	0.23329772600534315	-2.263046794462395	2.066159155913969
29	-6242.815454375431	-6249.0993789137565	-6242.815454375431	-6.283924538325873	-6242.815454375431	0.8001506234105735	0.6786590579199123	1.3500801363165933	0.27325021251782977	0.2008136900427229	0.2899190461421206	0.2360170512973271	-3.3143351307755005	3.6302530196074807
30	-6237.731878400147	-6243.476268350587	-6237.731878400147	-5.744389950439434	-6237.731878400147	0.9273280513819278	0.7137388674104258	0.79784004577669	0.26422554185112995	0.2068788585317936	0.29342376419117217	0.23547183542590466	-2.9702208018617338	2.6410207374441144
31	-6236.685259648795	-6241.842875729999	-6236.685259648795	-5.157616081203735	-6236.685259648795	0.8753407322541853	0.7137388674104258	0.8274437788236716	0.26158206041820187	0.20902003361792362	0.2912825891050421	0.23811531685883275	-2.3751723940264298	1.8064947890820555
32	-6236.350529974192	-6241.771320967213	-6236.350529974192	-5.4207909930212015	-6236.350529974192	0.8228322584857923	0.7877431503079623	1.0064608558810433	0.24698360257029042	0.23222324831838195	0.29196279819745313	0.22883035091387482	-2.56197005429978	1.0306274692988666
33	-6234.2979374388015	-6239.513040981454	-6234.2979374388015	-5.21510354265263	-6234.2979374388015	0.9315541187862305	0.7877431503079623	1.11849406013842	0.24947719649552247	0.22750769861058012	0.2894692042722211	0.23354590062167666	-2.314287478291434	1.8932761981498598
34	-6233.878345629864	-6238.874504497669	-6233.878345629864	-4.996158867804089	-6233.878345629864	0.7542746660197128	0.8331186761897729	1.0313763652805341	0.24578988388023001	0.23102884142964134	0.2776073930011034	0.24557388168902564	-2.115628621338139	2.812969818886177
35	-6230.406566396921	-6237.846716823888	-6230.406566396921	-7.440150426966008	-6230.406566396921	0.8431788175870725	0.6109875908877039	0.9401123493862175	0.25002693397078246	0.23102884142964134	0.2846140856296896	0.23433013896988697	-4.636687958012327	4.098782277513753
36	-6227.433425052315	-6233.037998580953	-6227.433425052315	-5.604573528638136	-6227.433425052315	0.9902641003208085	0.9135948929345443	1.0568213381736753	0.25805232948191215	0.237807169548435	0.2718668691951959	0.23227363177445728	-2.689455595049129	1.7527902830562847
37	-6227.313136252127	-6232.921061129983	-6227.313136252127	-5.6079248778560284	-6227.313136252127	0.8404802516058446	0.8982789642562563	0.8415352998287488	0.26064758172012054	0.23501903021756199	0.27205975628786055	0.23227363177445728	-2.7712818767171172	2.900001556733838
38	-6227.089507075235	-6232.19740254872	-6227.089507075235	-5.1078954734850335	-6227.089507075235	0.9060320880580421	0.6877958805870079	0.7847544177463485	0.24716297362154355	0.24357997325779934	0.27205975628786055	0.23719729683279692	-2.3421010430069087	2.0567428305390303
39	-6225.352329608426	-6231.438566237349	-6225.352329608426	-6.0862366289225225	-6225.352329608426	0.9471085547373698	0.6396445129972115	0.8835557708711017	0.25233336568064874	0.2459318790827686	0.26437704144159596	0.23735771379498707	-3.298705726614484	2.925046413787653
40	-6224.595995869143	-6230.157135860557	-6224.595995869143	-5.561139991414491	-6224.595995869143	0.9832584411496968	0.86497087815876	0.8835557708711017	0.25233336568064874	0.2494163625887725	0.25128762721501074	0.2469626445155684	-2.722127485341359	1.442406316127968
41	-6224.389623729849	-6229.7439711062925	-6224.389623729849	-5.354347376444029	-6224.389623729849	0.9232363145896645	0.7488938623237447	1.1150901025417423	0.24925270929789617	0.2427353559442987	0.26104929024223705	0.2469626445155684	-2.464510060056876	1.505234157025409
42	-6223.828572633638	-6229.120272471817	-6223.828572633638	-5.29169983817845	-6223.828572633638	0.9570361023843805	0.7959970161019315	0.8718696492437535	0.2615845695453883	0.23308649974873072	0.25201621663781465	0.25331271406806666	-2.476360328031557	1.4765419222837006
43	-6223.441272249859	-6228.602499998214	-6223.441272249859	-5.161227748354876	-6223.441272249859	0.8883913818282417	0.8845007684028264	0.9867878048195595	0.26079510245481524	0.22738269321682103	0.2567192532283942	0.25510295109996983	-2.28115834822834	2.044370992234827
44	-6222.425051850806	-6227.606355247991	-6222.425051850806	-5.181303397184479	-6222.425051850806	0.803554959203997	0.8845007684028264	0.9867878048195595	0.25415487770170325	0.23284191019175446	0.26300983094458313	0.24999338116195943	-2.3012339970579423	2.8157677820170166
45	-6222.087579214973	-6227.334694863534	-6222.087579214973	-5.247115648561761	-6222.087579214973	0.8770367266358151	0.7673615557011844	0.9867878048195595	0.2489180478593287	0.23049345381140235	0.2630350234029661	0.2575534749263032	-2.4005723371245873	1.3828888962427914
46	-6221.941643139438	-6226.851603921955	-6221.941643139438	-4.909960782516765	-6221.941643139438	0.8397573762185909	0.7452374109907131	0.9867878048195595	0.24637242534702097	0.23328923641022228	0.26278486331645384	0.2575534749263032	-2.0687175877248505	2.1951121136674883
47	-6221.653407100598	-6226.530330523992	-6221.653407100598	-4.876923423394483	-6221.653407100598	0.8371573389310243	0.8419093812754462	0.8748684935338633	0.24723272104492144	0.2324289407123218	0.26278486331645384	0.2575534749263032	-2.0476398451268	1.84143993481046
48	-6221.354191477266	-6226.84494350052	-6221.354191477266	-5.49075202325341	-6221.354191477266	0.8498654031164756	0.6892429445091358	0.8748684935338633	0.24723272104492144	0.23666275482888927	0.26278486331645384	0.2533196608097358	-2.698651407930042	2.75788333780421
49	-6221.342011639752	-6227.771177630637	-6221.342011639752	-6.4291659908846714	-6221.342011639752	0.8962063619505989	0.8392453515464862	0.822457318158011	0.2552175696038415	0.23643176585529396	0.26039667265528665	0.24795399188557823	-3.616404159301342	3.3342256265293457
50	-6221.192936007368	-6227.220102694894	-6221.192936007368	-6.027166687525813	-6221.192936007368	0.8556676197519905	0.8392453515464862	1.090214508390001	0.2528422590604298	0.23940412594392346	0.26039667265528665	0.24735694234036046	-3.12278285287941	3.224993192561763
51	-6220.976385793492	-6226.155305960969	-6220.976385793492	-5.178920167476591	-6220.976385793492	0.8660318844960513	0.8392453515464862	1.0024611252899511	0.24473649049973775	0.23940412594392346	0.25856676395951916	0.25729261959682	-2.307131669083635	1.3359767799045401
52	-6220.973100882652	-6226.106106929917	-6220.973100882652	-5.133006047264247	-6220.973100882652	0.9072350275735288	0.8392453515464862	1.0024611252899511	0.24904061278070505	0.23437888172357474	0.26015749440050234	0.2564230110952183	-2.261217548871291	1.639730407851949
53	-6220.953091325958	-6226.524212495036	-6220.953091325958	-5.571121169079065	-6220.953091325958	0.9393022974528454	0.8392453515464862	1.0160984821055223	0.2524843616976913	0.24249392480843965	0.26015749440050234	0.24486421909336714	-2.6943886056707997	1.1716519548466406
54	-6220.658138522209	-6227.274911397833	-6220.658138522209	-6.616772875624613	-6220.658138522209	0.8697410890835946	0.780597719290251	0.8735027959875432	0.25500512213926396	0.24012742660731642	0.2561412251245363	0.24872622612888373	-3.8049808013943305	3.597186529806873
55	-6220.457298900326	-6225.617056646524	-6220.457298900326	-5.159757746197568	-6220.457298900326	0.9112524958111425	0.780597719290251	0.9328273365348724	0.24978198174178315	0.23000517705736392	0.2647919098649877	0.2554209313358657	-2.328616359330825	1.8082750460971555
56	-6220.380854114197	-6226.826464330405	-6220.380854114197	-6.44561021620792	-6220.380854114197	0.8993864204994869	0.8272906824990363	0.9487259701152946	0.25125217368296293	0.23069428755085672	0.2643808429748795	0.2536726957913013	-3.596260583456673	0.7575616178247552
57	-6220.253694691715	-6225.266671126933	-6220.253694691715	-5.012976435217453	-6220.253694691715	0.8773614417616655	0.760976176147258	0.9279539598466581	0.24781997983005072	0.23977935622505836	0.2624755269675521	0.2499251369773393	-2.1884005780230487	1.6830362862626103
58	-6220.130485052504	-6226.579533199362	-6220.130485052504	-6.449048146858733	-6220.130485052504	0.8744579425565325	0.8063649472559794	0.9279539598466581	0.24743453421191233	0.23977935622505836	0.2631537203179431	0.24963238924508674	-3.6126698442591154	3.394197407955152
59	-6220.062800874636	-6226.692862936427	-6220.062800874636	-6.6300620617914205	-6220.062800874636	0.8907898682800454	0.8063649472559794	0.9279539598466581	0.24773272377598468	0.24100437783574416	0.261630509143185	0.24963238924508674	-3.7936837591918033	3.5330617086507377
60	-6220.062092892079	-6225.270145978444	-6220.062092892079	-5.208053086364975	-6220.062092892079	0.9081229539916338	0.7902791377425828	0.9375042481199128	0.24659844193460384	0.24100437783574416	0.261630509143185	0.25076667108646755	-2.3727937809584674	1.973481470544973
61	-6220.047542802788	-6227.326057060228	-6220.047542802788	-7.278514257439896	-6220.047542802788	0.8931159562598363	0.7902791377425828	0.9446585385443463	0.25344110380292684	0.23517050548861185	0.261630509143185	0.24975788156527687	-4.4408136379739815	3.879161771551456
62	-6219.93796563638	-6225.916303370474	-6219.93796563638	-5.978337734094485	-6219.93796563638	0.8921739633314066	0.7870493296146173	0.9446585385443463	0.25282133733539564	0.23517050548861185	0.2622502756107162	0.24975788156527687	-3.1414891542917696	3.0056394351371707
63	-6219.912710975005	-6228.525993554912	-6219.912710975005	-8.613282579907084	-6219.912710975005	0.8920440341242009	0.7837886578471603	0.9446585385443463	0.25297425185641814	0.23517050548861185	0.2610437550368921	0.2508114876180785	-5.777286780183114	0.39578523474140825
64	-6219.894963612154	-6225.24646272837	-6219.894963612154	-5.3514991162155505	-6219.894963612154	0.886227261623184	0.7828928201614851	0.9446585385443463	0.252224340333098	0.23548955806786576	0.2610874033238754	0.2511986982751614	-2.515736292981463	2.3871721323763033
65	-6219.870593332538	-6224.974146909737	-6219.870593332538	-5.103553577199122	-6219.870593332538	0.8790669965222054	0.7828928201614851	0.9446585385443463	0.251080835117424	0.23756341519505714	0.2610874033238754	0.250268346363644	-2.2677907539650346	2.086714865874099
66	-6219.834605586774	-6225.181619365073	-6219.834605586774	-5.34701377829918	-6219.834605586774	0.8861813630433337	0.7828928201614851	0.9446585385443463	0.251080835117424	0.23756341519505714	0.2610874033238754	0.250268346363644	-2.5112509550650923	1.221419764682461
67	-6219.834506428525	-6225.297864689493	-6219.834506428525	-5.463358260967773	-6219.834506428525	0.8861779748922727	0.7828928201614851	0.9443811020425575	0.251080835117424	0.23756341519505714	0.2610874033238754	0.250268346363644	-2.6276904514077213	1.1305758041673406
68	-6219.822217111306	-6225.137087220333	-6219.822217111306	-5.314870109027941	-6219.822217111306	0.8884871829571394	0.7828928201614851	0.9443811020425575	0.251080835117424	0.23756341519505714	0.2610874033238754	0.250268346363644	-2.4792022994678904	1.2458060989841988
69	-6219.813319094164	-6224.8759412219315	-6219.813319094164	-5.062622127766678	-6219.813319094164	0.8821835594682216	0.7828928201614851	0.9443811020425575	0.24975357478859098	0.23756341519505714	0.2624146636527085	0.250268346363644	-2.226954318206628	1.92338585879477
70	-6219.809447771214	-6225.303876953518	-6219.809447771214	-5.494429182304016	-6219.809447771214	0.8866873422721443	0.7840051585805896	0.9443811020425575	0.24975357478859098	0.23756341519505714	0.2624146636527085	0.250268346363644	-2.6584720063518463	1.1118733395328377
71	-6219.8086815169	-6224.885128252902	-6219.8086815169	-5.0764467360024295	-6219.8086815169	0.8897257451225601	0.7840051585805896	0.9443811020425575	0.24975357478859098	0.23756341519505714	0.2624146636527085	0.250268346363644	-2.2404895600502597	1.8053435753952707
72	-6219.804054203817	-6224.8991042266025	-6219.804054203817	-5.095050022785807	-6219.804054203817	0.8942417100536924	0.7840051585805896	0.9443811020425575	0.2505736036511	0.23674338633254813	0.2624146636527085	0.250268346363644	-2.259092846833637	1.8332676893571362
73	-6219.803033724779	-6225.522207579603	-6219.803033724779	-5.719173854823284	-6219.803033724779	0.8937327381841302	0.7840051585805896	0.9443811020425575	0.2505736036511	0.23674338633254813	0.2624146636527085	0.250268346363644	-2.883216678871114	2.7628320035007503
